{"meta": {"format": 3, "version": "7.13.1", "timestamp": "2026-01-06T12:37:41.717227", "branch_coverage": false, "show_contexts": false}, "files": {"hemdov/domain/dto/nlac_models.py": {"executed_lines": [8, 9, 10, 17, 19, 20, 21, 22, 25, 27, 28, 29, 36, 43, 47, 51, 55, 59, 64, 65, 66, 68, 70, 73, 82, 83, 84, 88, 94, 98, 104, 111, 112, 113, 115, 116, 117, 119, 120, 121, 123, 125, 132, 139, 140, 141, 144, 147, 153, 159, 160, 161, 163, 164, 165, 167, 168, 169, 171, 172, 173, 175, 176, 177, 180, 182, 183, 184, 185, 186, 189, 195, 196, 197, 198, 199, 200, 206, 209, 210, 211, 218, 230, 231, 232, 235, 239, 243, 247], "summary": {"covered_lines": 89, "num_statements": 91, "percent_covered": 97.8021978021978, "percent_covered_display": "98", "missing_lines": 2, "excluded_lines": 0, "percent_statements_covered": 97.8021978021978, "percent_statements_covered_display": "98"}, "missing_lines": [69, 124], "excluded_lines": [], "functions": {"NLaCInputs.validate_context_files": {"executed_lines": [68, 70], "summary": {"covered_lines": 2, "num_statements": 3, "percent_covered": 66.66666666666667, "percent_covered_display": "67", "missing_lines": 1, "excluded_lines": 0, "percent_statements_covered": 66.66666666666667, "percent_statements_covered_display": "67"}, "missing_lines": [69], "excluded_lines": [], "start_line": 66}, "NLaCRequest.validate_idea": {"executed_lines": [115, 116, 117], "summary": {"covered_lines": 3, "num_statements": 3, "percent_covered": 100.0, "percent_covered_display": "100", "missing_lines": 0, "excluded_lines": 0, "percent_statements_covered": 100.0, "percent_statements_covered_display": "100"}, "missing_lines": [], "excluded_lines": [], "start_line": 113}, "NLaCRequest.validate_max_iterations": {"executed_lines": [123, 125], "summary": {"covered_lines": 2, "num_statements": 3, "percent_covered": 66.66666666666667, "percent_covered_display": "67", "missing_lines": 1, "excluded_lines": 0, "percent_statements_covered": 66.66666666666667, "percent_statements_covered_display": "67"}, "missing_lines": [124], "excluded_lines": [], "start_line": 121}, "PromptObject.validate_template": {"executed_lines": [167, 168, 169], "summary": {"covered_lines": 3, "num_statements": 3, "percent_covered": 100.0, "percent_covered_display": "100", "missing_lines": 0, "excluded_lines": 0, "percent_statements_covered": 100.0, "percent_statements_covered_display": "100"}, "missing_lines": [], "excluded_lines": [], "start_line": 165}, "PromptObject.validate_metadata": {"executed_lines": [175, 176, 177], "summary": {"covered_lines": 3, "num_statements": 3, "percent_covered": 100.0, "percent_covered_display": "100", "missing_lines": 0, "excluded_lines": 0, "percent_statements_covered": 100.0, "percent_statements_covered_display": "100"}, "missing_lines": [], "excluded_lines": [], "start_line": 173}, "": {"executed_lines": [8, 9, 10, 17, 19, 20, 21, 22, 25, 27, 28, 29, 36, 43, 47, 51, 55, 59, 64, 65, 66, 73, 82, 83, 84, 88, 94, 98, 104, 111, 112, 113, 119, 120, 121, 132, 139, 140, 141, 144, 147, 153, 159, 160, 161, 163, 164, 165, 171, 172, 173, 180, 182, 183, 184, 185, 186, 189, 195, 196, 197, 198, 199, 200, 206, 209, 210, 211, 218, 230, 231, 232, 235, 239, 243, 247], "summary": {"covered_lines": 76, "num_statements": 76, "percent_covered": 100.0, "percent_covered_display": "100", "missing_lines": 0, "excluded_lines": 0, "percent_statements_covered": 100.0, "percent_statements_covered_display": "100"}, "missing_lines": [], "excluded_lines": [], "start_line": 1}}, "classes": {"IntentType": {"executed_lines": [], "summary": {"covered_lines": 0, "num_statements": 0, "percent_covered": 100.0, "percent_covered_display": "100", "missing_lines": 0, "excluded_lines": 0, "percent_statements_covered": 100.0, "percent_statements_covered_display": "100"}, "missing_lines": [], "excluded_lines": [], "start_line": 17}, "TestType": {"executed_lines": [], "summary": {"covered_lines": 0, "num_statements": 0, "percent_covered": 100.0, "percent_covered_display": "100", "missing_lines": 0, "excluded_lines": 0, "percent_statements_covered": 100.0, "percent_statements_covered_display": "100"}, "missing_lines": [], "excluded_lines": [], "start_line": 25}, "NLaCInputs": {"executed_lines": [68, 70], "summary": {"covered_lines": 2, "num_statements": 3, "percent_covered": 66.66666666666667, "percent_covered_display": "67", "missing_lines": 1, "excluded_lines": 0, "percent_statements_covered": 66.66666666666667, "percent_statements_covered_display": "67"}, "missing_lines": [69], "excluded_lines": [], "start_line": 36}, "NLaCRequest": {"executed_lines": [115, 116, 117, 123, 125], "summary": {"covered_lines": 5, "num_statements": 6, "percent_covered": 83.33333333333333, "percent_covered_display": "83", "missing_lines": 1, "excluded_lines": 0, "percent_statements_covered": 83.33333333333333, "percent_statements_covered_display": "83"}, "missing_lines": [124], "excluded_lines": [], "start_line": 73}, "PromptObject": {"executed_lines": [167, 168, 169, 175, 176, 177], "summary": {"covered_lines": 6, "num_statements": 6, "percent_covered": 100.0, "percent_covered_display": "100", "missing_lines": 0, "excluded_lines": 0, "percent_statements_covered": 100.0, "percent_statements_covered_display": "100"}, "missing_lines": [], "excluded_lines": [], "start_line": 132}, "OPROIteration": {"executed_lines": [], "summary": {"covered_lines": 0, "num_statements": 0, "percent_covered": 100.0, "percent_covered_display": "100", "missing_lines": 0, "excluded_lines": 0, "percent_statements_covered": 100.0, "percent_statements_covered_display": "100"}, "missing_lines": [], "excluded_lines": [], "start_line": 180}, "OptimizeResponse": {"executed_lines": [], "summary": {"covered_lines": 0, "num_statements": 0, "percent_covered": 100.0, "percent_covered_display": "100", "missing_lines": 0, "excluded_lines": 0, "percent_statements_covered": 100.0, "percent_statements_covered_display": "100"}, "missing_lines": [], "excluded_lines": [], "start_line": 189}, "NLaCResponse": {"executed_lines": [], "summary": {"covered_lines": 0, "num_statements": 0, "percent_covered": 100.0, "percent_covered_display": "100", "missing_lines": 0, "excluded_lines": 0, "percent_statements_covered": 100.0, "percent_statements_covered_display": "100"}, "missing_lines": [], "excluded_lines": [], "start_line": 218}, "": {"executed_lines": [8, 9, 10, 17, 19, 20, 21, 22, 25, 27, 28, 29, 36, 43, 47, 51, 55, 59, 64, 65, 66, 73, 82, 83, 84, 88, 94, 98, 104, 111, 112, 113, 119, 120, 121, 132, 139, 140, 141, 144, 147, 153, 159, 160, 161, 163, 164, 165, 171, 172, 173, 180, 182, 183, 184, 185, 186, 189, 195, 196, 197, 198, 199, 200, 206, 209, 210, 211, 218, 230, 231, 232, 235, 239, 243, 247], "summary": {"covered_lines": 76, "num_statements": 76, "percent_covered": 100.0, "percent_covered_display": "100", "missing_lines": 0, "excluded_lines": 0, "percent_statements_covered": 100.0, "percent_statements_covered_display": "100"}, "missing_lines": [], "excluded_lines": [], "start_line": 1}}}}, "totals": {"covered_lines": 89, "num_statements": 91, "percent_covered": 97.8021978021978, "percent_covered_display": "98", "missing_lines": 2, "excluded_lines": 0, "percent_statements_covered": 97.8021978021978, "percent_statements_covered_display": "98"}}